<?xml version="1.0" encoding="UTF-8"?>
<!-- Generated by org.testng.reporters.JUnitReportReporter -->
<testsuite hostname="LAPTOP-MB07DNL5" failures="0" tests="8" name="testPackage.NewTestClass" time="82.173" errors="0" timestamp="2022-02-07T12:36:33 IST" skipped="0">
  <testcase classname="testPackage.NewTestClass" name="toVerifyMyInfoButton" time="6.598"/>
  <system-out/>
  <testcase classname="testPackage.NewTestClass" name="verifyAdminButton" time="8.577"/>
  <system-out/>
  <testcase classname="testPackage.NewTestClass" name="verifyEmpNameTextBoxInAdminPageIsClickable" time="7.904"/>
  <system-out/>
  <testcase classname="testPackage.NewTestClass" name="verifyNewTabOpenAfterclickOnOrangeHRImage" time="7.670"/>
  <system-out/>
  <testcase classname="testPackage.NewTestClass" name="getdataFromTable" time="5.570"/>
  <system-out/>
  <testcase classname="testPackage.NewTestClass" name="verifyCheckBoxesInAdminAreClickable" time="9.205"/>
  <system-out/>
  <testcase classname="testPackage.NewTestClass" name="getTextOfComapanyOptionInNewtab" time="19.276"/>
  <system-out/>
  <testcase classname="testPackage.NewTestClass" name="selectDateInPerformanceInReviewList" time="17.373"/>
  <system-out/>
</testsuite> <!-- testPackage.NewTestClass -->
